-------------------------------------------------------------------------------
Test set: com.rama.calculator.SpringCalculatorApplicationTests
-------------------------------------------------------------------------------
Tests run: 1, Failures: 0, Errors: 1, Skipped: 0, Time elapsed: 0.437 s <<< FAILURE! - in com.rama.calculator.SpringCalculatorApplicationTests
com.rama.calculator.SpringCalculatorApplicationTests  Time elapsed: 0.435 s  <<< ERROR!
java.lang.IllegalStateException: Unable to find a @SpringBootConfiguration, you need to use @ContextConfiguration or @SpringBootTest(classes=...) with your test

